2025-07-24 17:32:21 | INFO | RCS.page.login_page.login_page | Application is Launched successfully
2025-07-24 17:32:28 | INFO | RCS.page.login_page.login_page | Log in as propertymanager is successful 
2025-07-24 17:32:29 | INFO | RCS.page.site_details_page.site_details_page | Starting verification of the status overview section.
2025-07-24 17:32:34 | INFO | RCS.page.site_details_page.site_details_page | Clicking the clear selection button.
2025-07-24 17:32:34 | INFO | RCS.page.site_details_page.site_details_page | Clicking Sign out button.
2025-07-24 17:32:36 | INFO | RCS.page.login_page.login_page | Application is Launched successfully
2025-07-24 17:32:41 | INFO | RCS.page.login_page.login_page | Log in as facilitymanager is successful 
2025-07-24 17:33:33 | INFO | RCS.page.login_page.login_page | Application is Launched successfully
2025-07-24 17:33:41 | INFO | RCS.page.login_page.login_page | Log in as propertymanager is successful 
2025-07-24 17:33:41 | INFO | RCS.page.site_details_page.site_details_page | Starting verification of the status overview section.
2025-07-24 17:33:46 | INFO | RCS.page.site_details_page.site_details_page | Clicking the clear selection button.
2025-07-24 17:33:46 | INFO | RCS.page.site_details_page.site_details_page | Clicking Sign out button.
2025-07-24 17:33:48 | INFO | RCS.page.login_page.login_page | Application is Launched successfully
2025-07-24 17:34:22 | INFO | RCS.page.login_page.login_page | Log in failed for facilitymanager 
2025-07-24 19:58:37 | INFO | RCS.page.login_page.login_page | Application is Launched successfully
2025-07-24 19:58:46 | INFO | RCS.page.login_page.login_page | Log in as propertymanager is successful 
2025-07-24 19:58:47 | INFO | RCS.page.site_details_page.site_details_page | Starting verification of the status overview section.
2025-07-24 19:58:52 | INFO | RCS.page.site_details_page.site_details_page | Clicking the clear selection button.
2025-07-24 19:58:53 | INFO | RCS.page.site_details_page.site_details_page | Clicking Sign out button.
2025-07-24 19:58:54 | INFO | RCS.page.login_page.login_page | Application is Launched successfully
2025-07-24 19:58:59 | INFO | RCS.page.login_page.login_page | Log in as facilitymanager is successful 
2025-07-24 20:01:50 | INFO | RCS.page.login_page.login_page | Application is Launched successfully
2025-07-24 20:01:58 | INFO | RCS.page.login_page.login_page | Log in as propertymanager is successful 
2025-07-24 20:01:59 | INFO | RCS.page.site_details_page.site_details_page | Starting verification of the status overview section.
2025-07-24 20:02:04 | INFO | RCS.page.site_details_page.site_details_page | Clicking the clear selection button.
2025-07-24 20:02:04 | INFO | RCS.page.site_details_page.site_details_page | Clicking Sign out button.
2025-07-24 20:02:07 | INFO | RCS.page.login_page.login_page | Application is Launched successfully
2025-07-24 20:02:41 | INFO | RCS.page.login_page.login_page | Log in failed for facilitymanager 
2025-07-25 10:40:57 | INFO | RCS.page.login_page.login_page | Application is Launched successfully
2025-07-25 10:41:06 | INFO | RCS.page.login_page.login_page | Log in as propertymanager is successful 
2025-07-25 10:41:08 | INFO | RCS.page.login_page.login_page | Application is Launched successfully
2025-07-25 10:42:44 | INFO | RCS.page.login_page.login_page | Application is Launched successfully
2025-07-25 10:42:52 | INFO | RCS.page.login_page.login_page | Log in as propertymanager is successful 
2025-07-25 10:42:55 | INFO | RCS.page.login_page.login_page | Application is Launched successfully
2025-07-25 10:43:41 | INFO | RCS.page.login_page.login_page | Application is Launched successfully
2025-07-25 10:43:47 | INFO | RCS.page.login_page.login_page | Log in as propertymanager is successful 
2025-07-25 10:43:50 | INFO | RCS.page.login_page.login_page | Application is Launched successfully
2025-07-25 10:43:54 | INFO | RCS.page.login_page.login_page | Log in as facilitymanager is successful 
2025-07-25 10:44:49 | INFO | RCS.page.login_page.login_page | Application is Launched successfully
2025-07-25 10:44:57 | INFO | RCS.page.login_page.login_page | Log in as propertymanager is successful 
2025-07-25 10:48:47 | INFO | RCS.page.login_page.login_page | Application is Launched successfully
2025-07-25 10:48:55 | INFO | RCS.page.login_page.login_page | Log in as propertymanager is successful 
2025-07-25 10:48:55 | INFO | RCS.page.site_details_page.site_details_page | Starting verification of the status overview section.
2025-07-25 10:49:00 | INFO | RCS.page.site_details_page.site_details_page | Clicking the clear selection button.
2025-07-25 10:52:39 | INFO | RCS.page.login_page.login_page | Application is Launched successfully
2025-07-25 10:52:47 | INFO | RCS.page.login_page.login_page | Log in as propertymanager is successful 
2025-07-25 10:52:47 | INFO | RCS.page.site_details_page.site_details_page | Starting verification of the status overview section.
2025-07-25 10:52:52 | INFO | RCS.page.site_details_page.site_details_page | Clicking the clear selection button.
2025-07-25 10:58:07 | INFO | RCS.page.login_page.login_page | Application is Launched successfully
2025-07-25 10:58:44 | INFO | RCS.page.login_page.login_page | Application is Launched successfully
2025-07-25 10:58:51 | INFO | RCS.page.login_page.login_page | Log in as propertymanager is successful 
2025-07-25 10:58:52 | INFO | RCS.page.site_details_page.site_details_page | Starting verification of the status overview section.
2025-07-25 10:58:56 | INFO | RCS.page.site_details_page.site_details_page | Clicking the clear selection button.
2025-07-25 11:05:01 | INFO | RCS.page.login_page.login_page | Application is Launched successfully
2025-07-25 11:05:08 | INFO | RCS.page.login_page.login_page | Log in as propertymanager is successful 
2025-07-25 11:05:09 | INFO | RCS.page.site_details_page.site_details_page | Starting verification of the status overview section.
2025-07-25 11:05:14 | INFO | RCS.page.site_details_page.site_details_page | Clicking the clear selection button.
2025-07-25 11:13:13 | INFO | RCS.page.login_page.login_page | Application is Launched successfully
2025-07-25 11:13:20 | INFO | RCS.page.login_page.login_page | Log in as propertymanager is successful 
2025-07-25 11:13:21 | INFO | RCS.page.site_details_page.site_details_page | Starting verification of the status overview section.
2025-07-25 11:13:26 | INFO | RCS.page.site_details_page.site_details_page | Clicking the clear selection button.
2025-07-25 11:14:54 | INFO | RCS.page.login_page.login_page | Application is Launched successfully
2025-07-25 11:15:02 | INFO | RCS.page.login_page.login_page | Log in as propertymanager is successful 
2025-07-25 11:15:02 | INFO | RCS.page.site_details_page.site_details_page | Starting verification of the status overview section.
2025-07-25 11:15:08 | INFO | RCS.page.site_details_page.site_details_page | Clicking the clear selection button.
2025-07-25 11:15:08 | INFO | RCS.page.site_details_page.site_details_page | Clicking Sign out button.
2025-07-25 11:23:55 | INFO | RCS.page.login_page.login_page | Application is Launched successfully
2025-07-25 11:27:09 | INFO | RCS.page.login_page.login_page | Application is Launched successfully
2025-07-25 11:27:16 | INFO | RCS.page.login_page.login_page | Log in as propertymanager is successful 
2025-07-25 11:27:17 | INFO | RCS.page.site_details_page.site_details_page | Starting verification of the status overview section.
2025-07-25 11:27:21 | INFO | RCS.page.site_details_page.site_details_page | Clicking the clear selection button.
2025-07-25 11:27:21 | INFO | RCS.page.site_details_page.site_details_page | Clicking Sign out button.
2025-07-25 11:35:40 | INFO | RCS.page.login_page.login_page | Application is Launched successfully
2025-07-25 11:35:48 | INFO | RCS.page.login_page.login_page | Log in as propertymanager is successful 
2025-07-25 11:35:49 | INFO | RCS.page.site_details_page.site_details_page | Starting verification of the status overview section.
2025-07-25 11:35:54 | INFO | RCS.page.site_details_page.site_details_page | Clicking the clear selection button.
2025-07-25 11:35:54 | INFO | RCS.page.site_details_page.site_details_page | Clicking Sign out button.
2025-07-25 11:35:56 | INFO | RCS.page.login_page.login_page | Application is Launched successfully
2025-07-25 13:26:39 | INFO | RCS.page.login_page.login_page | Application is Launched successfully
2025-07-25 13:26:46 | INFO | RCS.page.login_page.login_page | Log in as propertymanager is successful 
2025-07-25 13:26:47 | INFO | RCS.page.site_details_page.site_details_page | Starting verification of the status overview section.
2025-07-25 13:26:51 | INFO | RCS.page.site_details_page.site_details_page | Clicking the clear selection button.
2025-07-25 13:26:51 | INFO | RCS.page.site_details_page.site_details_page | Clicking Sign out button.
2025-07-25 15:36:34 | INFO | RCS.page.login_page.login_page | Application is Launched successfully
2025-07-25 17:50:55 | INFO | RCS.page.login_page.login_page | Application is Launched successfully
2025-07-25 17:51:04 | INFO | RCS.page.login_page.login_page | Log in as propertymanager is successful 
2025-07-25 17:57:12 | INFO | RCS.page.login_page.login_page | Application is Launched successfully
2025-07-25 17:57:23 | INFO | RCS.page.login_page.login_page | Log in as propertymanager is successful 
2025-07-25 17:58:10 | INFO | RCS.page.login_page.login_page | Application is Launched successfully
2025-07-25 17:58:18 | INFO | RCS.page.login_page.login_page | Log in as propertymanager is successful 
2025-07-25 17:58:18 | INFO | RCS.page.site_details_page.site_details_page | Starting verification of the status overview section.
2025-07-25 17:58:24 | INFO | RCS.page.site_details_page.site_details_page | Clicking the clear selection button.
2025-07-25 17:58:24 | INFO | RCS.page.site_details_page.site_details_page | Clicking Sign out button.
2025-07-25 18:07:54 | INFO | RCS.page.login_page.login_page | Application is Launched successfully
2025-07-25 18:08:01 | INFO | RCS.page.login_page.login_page | Log in as propertymanager is successful 
2025-07-25 18:08:03 | INFO | RCS.page.site_details_page.site_details_page | Starting verification of the status overview section.
2025-07-25 18:08:10 | INFO | RCS.page.site_details_page.site_details_page | Clicking the clear selection button.
2025-07-25 18:08:10 | INFO | RCS.page.site_details_page.site_details_page | Clicking Sign out button.
2025-07-28 10:51:26 | INFO | RCS.page.login_page.login_page | Application is Launched successfully
2025-07-28 10:51:34 | INFO | RCS.page.login_page.login_page | Log in as facilitymanager is successful 
2025-07-28 10:56:52 | INFO | RCS.page.login_page.login_page | Application is Launched successfully
2025-07-28 10:57:00 | INFO | RCS.page.login_page.login_page | Log in as facilitymanager is successful 
2025-07-28 10:59:23 | INFO | RCS.page.login_page.login_page | Application is Launched successfully
2025-07-28 10:59:30 | INFO | RCS.page.login_page.login_page | Log in as facilitymanager is successful 
2025-07-28 10:59:31 | INFO | RCS.page.navigation_menu.navigation_menu | Clicking the menu button.
2025-07-28 10:59:33 | INFO | RCS.page.navigation_menu.navigation_menu | Clicking Device Management in the navigation menu.
2025-07-28 11:07:34 | INFO | RCS.page.login_page.login_page | Application is Launched successfully
2025-07-28 11:07:53 | INFO | RCS.page.login_page.login_page | Log in as facilitymanager is successful 
2025-07-28 11:07:53 | INFO | RCS.page.navigation_menu.navigation_menu | Clicking the menu button.
2025-07-28 11:07:56 | INFO | RCS.page.navigation_menu.navigation_menu | Clicking Device Management in the navigation menu.
2025-07-28 11:11:01 | INFO | RCS.page.login_page.login_page | Application is Launched successfully
2025-07-28 11:11:09 | INFO | RCS.page.login_page.login_page | Log in as facilitymanager is successful 
2025-07-28 11:11:09 | INFO | RCS.page.navigation_menu.navigation_menu | Clicking the menu button.
2025-07-28 11:11:11 | INFO | RCS.page.navigation_menu.navigation_menu | Clicking Device Management in the navigation menu.
2025-07-28 11:12:03 | INFO | RCS.page.login_page.login_page | Application is Launched successfully
2025-07-28 11:12:10 | INFO | RCS.page.login_page.login_page | Log in as facilitymanager is successful 
2025-07-28 11:12:11 | INFO | RCS.page.navigation_menu.navigation_menu | Clicking the menu button.
2025-07-28 11:12:13 | INFO | RCS.page.navigation_menu.navigation_menu | Clicking Device Management in the navigation menu.
2025-07-28 14:30:32 | INFO | RCS.page.login_page.login_page | Application is Launched successfully
2025-07-28 14:30:41 | INFO | RCS.page.login_page.login_page | Log in as facilitymanager is successful 
2025-07-28 14:30:41 | INFO | RCS.page.navigation_menu.navigation_menu | Clicking the menu button.
2025-07-28 14:30:44 | INFO | RCS.page.navigation_menu.navigation_menu | Clicking Device Management in the navigation menu.
2025-07-28 14:31:31 | INFO | RCS.page.login_page.login_page | Application is Launched successfully
2025-07-28 14:31:38 | INFO | RCS.page.login_page.login_page | Log in as facilitymanager is successful 
2025-07-28 14:31:38 | INFO | RCS.page.navigation_menu.navigation_menu | Clicking the menu button.
2025-07-28 14:31:40 | INFO | RCS.page.navigation_menu.navigation_menu | Clicking Device Management in the navigation menu.
2025-07-28 14:37:35 | INFO | RCS.page.login_page.login_page | Application is Launched successfully
2025-07-28 14:37:42 | INFO | RCS.page.login_page.login_page | Log in as facilitymanager is successful 
2025-07-28 14:37:42 | INFO | RCS.page.navigation_menu.navigation_menu | Clicking the menu button.
2025-07-28 14:37:45 | INFO | RCS.page.navigation_menu.navigation_menu | Clicking Device Management in the navigation menu.
2025-07-28 14:41:40 | INFO | RCS.page.login_page.login_page | Application is Launched successfully
2025-07-28 14:41:47 | INFO | RCS.page.login_page.login_page | Log in as facilitymanager is successful 
2025-07-28 14:41:47 | INFO | RCS.page.navigation_menu.navigation_menu | Clicking the menu button.
2025-07-28 14:41:51 | INFO | RCS.page.navigation_menu.navigation_menu | Clicking Device Management in the navigation menu.
2025-07-28 14:47:19 | INFO | RCS.page.login_page.login_page | Application is Launched successfully
2025-07-28 14:47:28 | INFO | RCS.page.login_page.login_page | Log in as facilitymanager is successful 
2025-07-28 14:47:28 | INFO | RCS.page.navigation_menu.navigation_menu | Clicking the menu button.
2025-07-28 14:47:32 | INFO | RCS.page.navigation_menu.navigation_menu | Clicking Device Management in the navigation menu.
2025-07-28 14:49:44 | INFO | RCS.page.login_page.login_page | Application is Launched successfully
2025-07-28 14:49:52 | INFO | RCS.page.login_page.login_page | Log in as facilitymanager is successful 
2025-07-28 14:49:52 | INFO | RCS.page.navigation_menu.navigation_menu | Clicking the menu button.
2025-07-28 14:49:54 | INFO | RCS.page.navigation_menu.navigation_menu | Clicking Device Management in the navigation menu.
2025-07-28 14:55:36 | INFO | RCS.page.login_page.login_page | Application is Launched successfully
2025-07-28 14:55:43 | INFO | RCS.page.login_page.login_page | Log in as facilitymanager is successful 
2025-07-28 14:55:44 | INFO | RCS.page.navigation_menu.navigation_menu | Clicking the menu button.
2025-07-28 14:55:46 | INFO | RCS.page.navigation_menu.navigation_menu | Clicking Device Management in the navigation menu.
2025-07-28 15:04:39 | INFO | RCS.page.login_page.login_page | Application is Launched successfully
2025-07-28 15:04:46 | INFO | RCS.page.login_page.login_page | Log in as facilitymanager is successful 
2025-07-28 15:04:46 | INFO | RCS.page.navigation_menu.navigation_menu | Clicking the menu button.
2025-07-28 15:04:48 | INFO | RCS.page.navigation_menu.navigation_menu | Clicking Device Management in the navigation menu.
2025-07-28 15:42:29 | INFO | RCS.page.login_page.login_page | Application is Launched successfully
2025-07-28 15:42:36 | INFO | RCS.page.login_page.login_page | Log in as facilitymanager is successful 
2025-07-28 15:42:36 | INFO | RCS.page.navigation_menu.navigation_menu | Clicking the menu button.
2025-07-28 15:42:39 | INFO | RCS.page.navigation_menu.navigation_menu | Clicking Device Management in the navigation menu.
2025-07-28 15:43:18 | INFO | RCS.page.login_page.login_page | Application is Launched successfully
2025-07-28 15:43:26 | INFO | RCS.page.login_page.login_page | Log in as facilitymanager is successful 
2025-07-28 15:43:26 | INFO | RCS.page.navigation_menu.navigation_menu | Clicking the menu button.
2025-07-28 15:43:29 | INFO | RCS.page.navigation_menu.navigation_menu | Clicking Device Management in the navigation menu.
2025-07-28 18:36:14 | INFO | RCS.page.login_page.login_page | Application is Launched successfully
2025-07-28 18:36:23 | INFO | RCS.page.login_page.login_page | Log in as facilitymanager is successful 
2025-07-28 18:36:24 | INFO | RCS.page.navigation_menu.navigation_menu | Clicking the menu button.
2025-07-28 18:36:25 | INFO | RCS.page.navigation_menu.navigation_menu | Clicking Device Management in the navigation menu.
2025-07-28 18:37:48 | INFO | RCS.page.login_page.login_page | Application is Launched successfully
2025-07-28 18:37:56 | INFO | RCS.page.login_page.login_page | Log in as facilitymanager is successful 
2025-07-28 18:37:57 | INFO | RCS.page.navigation_menu.navigation_menu | Clicking the menu button.
2025-07-28 18:37:58 | INFO | RCS.page.navigation_menu.navigation_menu | Clicking Device Management in the navigation menu.
2025-07-28 18:50:41 | INFO | RCS.page.login_page.login_page | Application is Launched successfully
2025-07-28 18:50:49 | INFO | RCS.page.login_page.login_page | Log in as facilitymanager is successful 
2025-07-28 18:50:50 | INFO | RCS.page.navigation_menu.navigation_menu | Clicking the menu button.
2025-07-28 18:50:51 | INFO | RCS.page.navigation_menu.navigation_menu | Clicking Device Management in the navigation menu.
2025-07-28 18:53:42 | INFO | RCS.page.login_page.login_page | Application is Launched successfully
2025-07-28 18:53:52 | INFO | RCS.page.login_page.login_page | Log in as facilitymanager is successful 
2025-07-28 18:53:53 | INFO | RCS.page.navigation_menu.navigation_menu | Clicking the menu button.
2025-07-28 18:53:55 | INFO | RCS.page.navigation_menu.navigation_menu | Clicking Device Management in the navigation menu.
2025-07-28 19:06:00 | INFO | RCS.page.login_page.login_page | Application is Launched successfully
2025-07-28 19:06:07 | INFO | RCS.page.login_page.login_page | Log in as facilitymanager is successful 
2025-07-28 19:06:08 | INFO | RCS.page.navigation_menu.navigation_menu | Clicking the menu button.
2025-07-28 19:06:09 | INFO | RCS.page.navigation_menu.navigation_menu | Clicking Device Management in the navigation menu.
2025-07-28 19:09:01 | INFO | RCS.page.login_page.login_page | Application is Launched successfully
2025-07-28 19:09:08 | INFO | RCS.page.login_page.login_page | Log in as facilitymanager is successful 
2025-07-28 19:09:09 | INFO | RCS.page.navigation_menu.navigation_menu | Clicking the menu button.
2025-07-28 19:09:10 | INFO | RCS.page.navigation_menu.navigation_menu | Clicking Device Management in the navigation menu.
2025-07-28 19:12:39 | INFO | RCS.page.login_page.login_page | Application is Launched successfully
2025-07-28 19:12:46 | INFO | RCS.page.login_page.login_page | Log in as facilitymanager is successful 
2025-07-28 19:12:47 | INFO | RCS.page.navigation_menu.navigation_menu | Clicking the menu button.
2025-07-28 19:12:48 | INFO | RCS.page.navigation_menu.navigation_menu | Clicking Device Management in the navigation menu.
2025-07-28 19:27:10 | INFO | RCS.page.login_page.login_page | Application is Launched successfully
2025-07-28 19:27:17 | INFO | RCS.page.login_page.login_page | Log in as facilitymanager is successful 
2025-07-28 19:27:17 | INFO | RCS.page.navigation_menu.navigation_menu | Clicking the menu button.
2025-07-28 19:27:18 | INFO | RCS.page.navigation_menu.navigation_menu | Clicking Device Management in the navigation menu.
2025-07-28 19:32:55 | INFO | RCS.page.login_page.login_page | Application is Launched successfully
2025-07-28 19:33:03 | INFO | RCS.page.login_page.login_page | Log in as facilitymanager is successful 
2025-07-28 19:33:03 | INFO | RCS.page.navigation_menu.navigation_menu | Clicking the menu button.
2025-07-28 19:33:05 | INFO | RCS.page.navigation_menu.navigation_menu | Clicking Device Management in the navigation menu.
2025-07-28 19:34:48 | INFO | RCS.page.login_page.login_page | Application is Launched successfully
2025-07-28 19:34:56 | INFO | RCS.page.login_page.login_page | Log in as facilitymanager is successful 
2025-07-28 19:34:56 | INFO | RCS.page.navigation_menu.navigation_menu | Clicking the menu button.
2025-07-28 19:34:57 | INFO | RCS.page.navigation_menu.navigation_menu | Clicking Device Management in the navigation menu.
2025-07-28 19:38:05 | INFO | RCS.page.login_page.login_page | Application is Launched successfully
2025-07-28 19:38:12 | INFO | RCS.page.login_page.login_page | Log in as facilitymanager is successful 
2025-07-28 19:38:13 | INFO | RCS.page.navigation_menu.navigation_menu | Clicking the menu button.
2025-07-28 19:38:14 | INFO | RCS.page.navigation_menu.navigation_menu | Clicking Device Management in the navigation menu.
2025-07-28 19:39:39 | INFO | RCS.page.login_page.login_page | Application is Launched successfully
2025-07-28 19:39:46 | INFO | RCS.page.login_page.login_page | Log in as facilitymanager is successful 
2025-07-28 19:39:47 | INFO | RCS.page.navigation_menu.navigation_menu | Clicking the menu button.
2025-07-28 19:39:48 | INFO | RCS.page.navigation_menu.navigation_menu | Clicking Device Management in the navigation menu.
2025-07-28 19:40:19 | INFO | RCS.page.login_page.login_page | Application is Launched successfully
2025-07-28 19:40:28 | INFO | RCS.page.login_page.login_page | Log in as facilitymanager is successful 
2025-07-28 19:40:29 | INFO | RCS.page.navigation_menu.navigation_menu | Clicking the menu button.
2025-07-28 19:40:30 | INFO | RCS.page.navigation_menu.navigation_menu | Clicking Device Management in the navigation menu.
2025-07-28 19:42:18 | INFO | RCS.page.login_page.login_page | Application is Launched successfully
2025-07-28 19:42:26 | INFO | RCS.page.login_page.login_page | Log in as facilitymanager is successful 
2025-07-28 19:42:27 | INFO | RCS.page.navigation_menu.navigation_menu | Clicking the menu button.
2025-07-28 19:42:29 | INFO | RCS.page.navigation_menu.navigation_menu | Clicking Device Management in the navigation menu.
2025-07-28 19:51:57 | INFO | RCS.page.login_page.login_page | Application is Launched successfully
2025-07-28 19:52:05 | INFO | RCS.page.login_page.login_page | Log in as facilitymanager is successful 
2025-07-28 19:52:05 | INFO | RCS.page.navigation_menu.navigation_menu | Clicking the menu button.
2025-07-28 19:52:07 | INFO | RCS.page.navigation_menu.navigation_menu | Clicking Device Management in the navigation menu.
2025-07-29 10:17:43 | INFO | RCS.page.login_page.login_page | Application is Launched successfully
2025-07-29 10:17:52 | INFO | RCS.page.login_page.login_page | Log in as facilitymanager is successful 
2025-07-29 10:17:52 | INFO | RCS.page.navigation_menu.navigation_menu | Clicking the menu button.
2025-07-29 10:17:55 | INFO | RCS.page.navigation_menu.navigation_menu | Clicking Device Management in the navigation menu.
2025-07-29 10:21:19 | INFO | RCS.page.login_page.login_page | Application is Launched successfully
2025-07-29 10:21:26 | INFO | RCS.page.login_page.login_page | Log in as facilitymanager is successful 
2025-07-29 10:21:27 | INFO | RCS.page.navigation_menu.navigation_menu | Clicking the menu button.
2025-07-29 10:21:29 | INFO | RCS.page.navigation_menu.navigation_menu | Clicking Device Management in the navigation menu.
2025-07-29 10:22:25 | INFO | RCS.page.login_page.login_page | Application is Launched successfully
2025-07-29 10:22:32 | INFO | RCS.page.login_page.login_page | Log in as facilitymanager is successful 
2025-07-29 10:22:33 | INFO | RCS.page.navigation_menu.navigation_menu | Clicking the menu button.
2025-07-29 10:22:35 | INFO | RCS.page.navigation_menu.navigation_menu | Clicking Device Management in the navigation menu.
2025-07-29 10:23:28 | INFO | RCS.page.login_page.login_page | Application is Launched successfully
2025-07-29 10:23:35 | INFO | RCS.page.login_page.login_page | Log in as facilitymanager is successful 
2025-07-29 10:23:36 | INFO | RCS.page.navigation_menu.navigation_menu | Clicking the menu button.
2025-07-29 10:23:37 | INFO | RCS.page.navigation_menu.navigation_menu | Clicking Device Management in the navigation menu.
2025-07-29 10:24:01 | INFO | RCS.page.login_page.login_page | Application is Launched successfully
2025-07-29 10:24:08 | INFO | RCS.page.login_page.login_page | Log in as facilitymanager is successful 
2025-07-29 10:24:09 | INFO | RCS.page.navigation_menu.navigation_menu | Clicking the menu button.
2025-07-29 10:24:10 | INFO | RCS.page.navigation_menu.navigation_menu | Clicking Device Management in the navigation menu.
2025-07-29 10:48:01 | INFO | RCS.page.login_page.login_page | Application is Launched successfully
2025-07-29 10:48:09 | INFO | RCS.page.login_page.login_page | Log in as facilitymanager is successful 
2025-07-29 10:48:09 | INFO | RCS.page.navigation_menu.navigation_menu | Clicking the menu button.
2025-07-29 10:48:10 | INFO | RCS.page.navigation_menu.navigation_menu | Clicking Device Management in the navigation menu.
2025-07-29 11:02:50 | INFO | RCS.page.login_page.login_page | Application is Launched successfully
2025-07-29 11:02:57 | INFO | RCS.page.login_page.login_page | Log in as facilitymanager is successful 
2025-07-29 11:02:58 | INFO | RCS.page.navigation_menu.navigation_menu | Clicking the menu button.
2025-07-29 11:02:59 | INFO | RCS.page.navigation_menu.navigation_menu | Clicking Device Management in the navigation menu.
